<?xml version="1.0" encoding="UTF-8"?>
<testsuite xmlns:xsi="http://www.w3.org/2001/XMLSchema-instance" xsi:noNamespaceSchemaLocation="https://maven.apache.org/surefire/maven-surefire-plugin/xsd/surefire-test-report-3.0.xsd" version="3.0" name="com.bgroceries.backend.service.AuthServiceSocialTest" time="2.604" tests="6" errors="0" skipped="0" failures="0">
  <properties>
[...]
</properties>
  <testcase name="existingProviderIdTakesPrecedenceOverEmail" classname="com.bgroceries.backend.service.AuthServiceSocialTest" time="0.614">
    <system-out><![CDATA[2026-08-21T16:10:43.448+07:00  INFO 29912 --- [bgroceries-backend] [           main] t.c.s.AnnotationConfigContextLoaderUtils : Could not detect default configuration classes for test class [com.bgroceries.backend.service.AuthServiceSocialTest]: AuthServiceSocialTest does not declare any static, non-private, non-final, nested classes annotated with @Configuration.
2026-08-21T16:10:43.543+07:00  INFO 29912 --- [bgroceries-backend] [           main] .b.t.c.SpringBootTestContextBootstrapper : Found @SpringBootConfiguration com.bgroceries.backend.BackendApplication for test class com.bgroceries.backend.service.AuthServiceSocialTest

  .   ____          _            __ _ _
 /\\ / ___'_ __ _ _(_)_ __  __ _ \ \ \ \
( ( )\___ | '_ | '_| | '_ \/ _` | \ \ \ \
 \\/  ___)| |_)| | | | | || (_| |  ) ) ) )
  '  |____| .__|_| |_|_| |_\__, | / / / /
 =========|_|==============|___/=/_/_/_/

 :: Spring Boot ::                (v3.3.4)

2026-08-21T16:10:43.696+07:00  INFO 29912 --- [bgroceries-backend] [           main] c.b.b.service.AuthServiceSocialTest      : Starting AuthServiceSocialTest using Java 26.0.2 with PID 29912 (started by Ling Fu in D:\1.B.Groceries\Backend\B-backend)
2026-08-21T16:10:43.697+07:00  INFO 29912 --- [bgroceries-backend] [           main] c.b.b.service.AuthServiceSocialTest      : The following 1 profile is active: "dev"
2026-08-21T16:10:43.943+07:00  INFO 29912 --- [bgroceries-backend] [           main] .s.d.r.c.RepositoryConfigurationDelegate : Bootstrapping Spring Data JPA repositories in DEFAULT mode.
2026-08-21T16:10:44.005+07:00  INFO 29912 --- [bgroceries-backend] [           main] .s.d.r.c.RepositoryConfigurationDelegate : Finished Spring Data repository scanning in 61 ms. Found 8 JPA repository interfaces.
2026-08-21T16:10:44.033+07:00  INFO 29912 --- [bgroceries-backend] [           main] beddedDataSourceBeanFactoryPostProcessor : Replacing 'dataSource' DataSource bean with embedded version
2026-08-21T16:10:44.076+07:00  INFO 29912 --- [bgroceries-backend] [           main] o.s.j.d.e.EmbeddedDatabaseFactory        : Starting embedded database: url='jdbc:h2:mem:2969517d-8fe6-4193-87c2-24c7c15017ff;DB_CLOSE_DELAY=-1;DB_CLOSE_ON_EXIT=false', username='sa'
2026-08-21T16:10:44.133+07:00  INFO 29912 --- [bgroceries-backend] [           main] o.hibernate.jpa.internal.util.LogHelper  : HHH000204: Processing PersistenceUnitInfo [name: default]
2026-08-21T16:10:44.137+07:00  INFO 29912 --- [bgroceries-backend] [           main] o.h.c.internal.RegionFactoryInitiator    : HHH000026: Second-level cache disabled
2026-08-21T16:10:44.153+07:00  INFO 29912 --- [bgroceries-backend] [           main] o.s.o.j.p.SpringPersistenceUnitInfo      : No LoadTimeWeaver setup: ignoring JPA class transformer
2026-08-21T16:10:44.155+07:00  WARN 29912 --- [bgroceries-backend] [           main] org.hibernate.orm.deprecation            : HHH90000025: H2Dialect does not need to be specified explicitly using 'hibernate.dialect' (remove the property setting and it will be selected by default)
2026-08-21T16:10:44.489+07:00  INFO 29912 --- [bgroceries-backend] [           main] o.h.e.t.j.p.i.JtaPlatformInitiator       : HHH000489: No JTA platform available (set 'hibernate.transaction.jta.platform' to enable JTA platform integration)
Hibernate: create table job (id bigint generated by default as identity, benefits TEXT, created_at timestamp(6) not null, department varchar(100) not null, description TEXT, location varchar(100) not null, requirements TEXT, salary varchar(100), title varchar(200) not null, type varchar(50) not null, updated_at timestamp(6), primary key (id))
Hibernate: create table job_application (id bigint generated by default as identity, cover_letter TEXT, created_at timestamp(6) not null, email varchar(150) not null, full_name varchar(100) not null, linkedin_url varchar(300), phone varchar(30) not null, resume_content_type varchar(100), resume_data TEXT, resume_name varchar(255), status varchar(20) not null, job_id bigint not null, primary key (id))
Hibernate: create table login_sessions (id bigint generated by default as identity, created_at timestamp(6) not null, expires_at timestamp(6) not null, jwt_token TEXT, status varchar(20) not null, telegram_first_name varchar(100), telegram_user_id bigint, telegram_username varchar(100), token varchar(64) not null, primary key (id))
Hibernate: create table member (id bigint generated by default as identity, category varchar(100), created_at timestamp(6) not null, department varchar(100), full_name varchar(100) not null, member_code varchar(50) not null, photo_url TEXT, position varchar(100), rank integer, updated_at timestamp(6), primary key (id))
Hibernate: create table member_detail (id bigint generated by default as identity, address varchar(255), date_of_birth date, email varchar(100), emergency_contact varchar(100), gender varchar(20), nationality varchar(100), note varchar(1000), phone_number varchar(20), start_date date, member_id bigint not null, primary key (id))
Hibernate: create table otp_codes (id bigint generated by default as identity, attempts integer not null, code_hash varchar(255) not null, created_at timestamp(6) not null, expires_at timestamp(6) not null, phone_number varchar(20) not null, purpose enum ('LOGIN','RESET_PASSWORD') not null, used boolean not null, verified boolean not null, primary key (id))
Hibernate: create table password_reset_otps (id bigint generated by default as identity, attempts integer not null, code_hash varchar(255) not null, created_at timestamp(6) not null, email varchar(100) not null, expires_at timestamp(6) not null, used boolean not null, verified boolean not null, primary key (id))
Hibernate: create table users (id bigint generated by default as identity, created_at timestamp(6) not null, date_of_birth date, email varchar(100), enabled boolean not null, facebook varchar(100), facebook_id varchar(100), full_name varchar(100) not null, gender varchar(20), google_id varchar(100), login_provider varchar(20), nationality varchar(100), password_hash varchar(255) not null, phone_number varchar(20), role varchar(20), telegram varchar(100), telegram_id varchar(100), telegram_user_id bigint, updated_at timestamp(6), username varchar(50), primary key (id))
Hibernate: alter table if exists login_sessions drop constraint if exists UKicfe6mu8djx626vgl1g8mmcrx
Hibernate: alter table if exists login_sessions add constraint UKicfe6mu8djx626vgl1g8mmcrx unique (token)
Hibernate: alter table if exists member drop constraint if exists UKhr7uduf2w8ho5jymgu9brrjq4
Hibernate: alter table if exists member add constraint UKhr7uduf2w8ho5jymgu9brrjq4 unique (member_code)
Hibernate: alter table if exists member_detail drop constraint if exists UKb7l4uwe36uauco7y0b2a0f2r3
Hibernate: alter table if exists member_detail add constraint UKb7l4uwe36uauco7y0b2a0f2r3 unique (member_id)
Hibernate: alter table if exists users drop constraint if exists UK9q63snka3mdh91as4io72espi
Hibernate: alter table if exists users add constraint UK9q63snka3mdh91as4io72espi unique (phone_number)
Hibernate: alter table if exists users drop constraint if exists UK6dotkott2kjsp8vw4d0m25fb7
Hibernate: alter table if exists users add constraint UK6dotkott2kjsp8vw4d0m25fb7 unique (email)
Hibernate: alter table if exists users drop constraint if exists UKoi53xqbslj5vtv1tiqqk45eoq
Hibernate: alter table if exists users add constraint UKoi53xqbslj5vtv1tiqqk45eoq unique (facebook)
Hibernate: alter table if exists users drop constraint if exists UKjmubronqnn4q0cwe2egqsgvnl
Hibernate: alter table if exists users add constraint UKjmubronqnn4q0cwe2egqsgvnl unique (facebook_id)
Hibernate: alter table if exists users drop constraint if exists UKovh8xmu9ac27t18m56gri58i1
Hibernate: alter table if exists users add constraint UKovh8xmu9ac27t18m56gri58i1 unique (google_id)
Hibernate: alter table if exists users drop constraint if exists UKi772uyt97opbmu61522xynbuj
Hibernate: alter table if exists users add constraint UKi772uyt97opbmu61522xynbuj unique (telegram)
Hibernate: alter table if exists users drop constraint if exists UKdus03vmwyluiy7k2p2gcrqbms
Hibernate: alter table if exists users add constraint UKdus03vmwyluiy7k2p2gcrqbms unique (telegram_id)
Hibernate: alter table if exists users drop constraint if exists UKrj1y4kd15te8mneadbqmfvdh9
Hibernate: alter table if exists users add constraint UKrj1y4kd15te8mneadbqmfvdh9 unique (telegram_user_id)
Hibernate: alter table if exists users drop constraint if exists UKr43af9ap4edm43mmtq01oddj6
Hibernate: alter table if exists users add constraint UKr43af9ap4edm43mmtq01oddj6 unique (username)
Hibernate: alter table if exists job_application add constraint FKdepcvxeq3gyb4438ws0qjycc7 foreign key (job_id) references job
Hibernate: alter table if exists member_detail add constraint FK5b6i0af8bru3xdg80i7ieeokh foreign key (member_id) references member
2026-08-21T16:10:44.534+07:00  INFO 29912 --- [bgroceries-backend] [           main] j.LocalContainerEntityManagerFactoryBean : Initialized JPA EntityManagerFactory for persistence unit 'default'
2026-08-21T16:10:44.764+07:00  INFO 29912 --- [bgroceries-backend] [           main] c.b.b.service.AuthServiceSocialTest      : Started AuthServiceSocialTest in 1.212 seconds (process running for 17.271)
Hibernate: insert into users (created_at,date_of_birth,email,enabled,facebook,facebook_id,full_name,gender,google_id,login_provider,nationality,password_hash,phone_number,role,telegram,telegram_id,telegram_user_id,updated_at,username,id) values (?,?,?,?,?,?,?,?,?,?,?,?,?,?,?,?,?,?,?,default)
Hibernate: select u1_0.id,u1_0.created_at,u1_0.date_of_birth,u1_0.email,u1_0.enabled,u1_0.facebook,u1_0.facebook_id,u1_0.full_name,u1_0.gender,u1_0.google_id,u1_0.login_provider,u1_0.nationality,u1_0.password_hash,u1_0.phone_number,u1_0.role,u1_0.telegram,u1_0.telegram_id,u1_0.telegram_user_id,u1_0.updated_at,u1_0.username from users u1_0 where u1_0.google_id=?
]]></system-out>
  </testcase>
  <testcase name="telegramProfileIsLinkedByProviderId" classname="com.bgroceries.backend.service.AuthServiceSocialTest" time="0.146">
    <system-out><![CDATA[Hibernate: select u1_0.id,u1_0.created_at,u1_0.date_of_birth,u1_0.email,u1_0.enabled,u1_0.facebook,u1_0.facebook_id,u1_0.full_name,u1_0.gender,u1_0.google_id,u1_0.login_provider,u1_0.nationality,u1_0.password_hash,u1_0.phone_number,u1_0.role,u1_0.telegram,u1_0.telegram_id,u1_0.telegram_user_id,u1_0.updated_at,u1_0.username from users u1_0 where u1_0.telegram_id=?
Hibernate: select u1_0.id from users u1_0 where u1_0.username=? fetch first ? rows only
Hibernate: insert into users (created_at,date_of_birth,email,enabled,facebook,facebook_id,full_name,gender,google_id,login_provider,nationality,password_hash,phone_number,role,telegram,telegram_id,telegram_user_id,updated_at,username,id) values (?,?,?,?,?,?,?,?,?,?,?,?,?,?,?,?,?,?,?,default)
Hibernate: select u1_0.id,u1_0.created_at,u1_0.date_of_birth,u1_0.email,u1_0.enabled,u1_0.facebook,u1_0.facebook_id,u1_0.full_name,u1_0.gender,u1_0.google_id,u1_0.login_provider,u1_0.nationality,u1_0.password_hash,u1_0.phone_number,u1_0.role,u1_0.telegram,u1_0.telegram_id,u1_0.telegram_user_id,u1_0.updated_at,u1_0.username from users u1_0 where u1_0.telegram_id=?
]]></system-out>
  </testcase>
  <testcase name="firstLoginCreatesLinkedAccount" classname="com.bgroceries.backend.service.AuthServiceSocialTest" time="0.17">
    <system-out><![CDATA[Hibernate: select u1_0.id,u1_0.created_at,u1_0.date_of_birth,u1_0.email,u1_0.enabled,u1_0.facebook,u1_0.facebook_id,u1_0.full_name,u1_0.gender,u1_0.google_id,u1_0.login_provider,u1_0.nationality,u1_0.password_hash,u1_0.phone_number,u1_0.role,u1_0.telegram,u1_0.telegram_id,u1_0.telegram_user_id,u1_0.updated_at,u1_0.username from users u1_0 where u1_0.google_id=?
Hibernate: select u1_0.id,u1_0.created_at,u1_0.date_of_birth,u1_0.email,u1_0.enabled,u1_0.facebook,u1_0.facebook_id,u1_0.full_name,u1_0.gender,u1_0.google_id,u1_0.login_provider,u1_0.nationality,u1_0.password_hash,u1_0.phone_number,u1_0.role,u1_0.telegram,u1_0.telegram_id,u1_0.telegram_user_id,u1_0.updated_at,u1_0.username from users u1_0 where upper(u1_0.email)=upper(?)
Hibernate: select u1_0.id from users u1_0 where u1_0.username=? fetch first ? rows only
Hibernate: insert into users (created_at,date_of_birth,email,enabled,facebook,facebook_id,full_name,gender,google_id,login_provider,nationality,password_hash,phone_number,role,telegram,telegram_id,telegram_user_id,updated_at,username,id) values (?,?,?,?,?,?,?,?,?,?,?,?,?,?,?,?,?,?,?,default)
Hibernate: select u1_0.id,u1_0.created_at,u1_0.date_of_birth,u1_0.email,u1_0.enabled,u1_0.facebook,u1_0.facebook_id,u1_0.full_name,u1_0.gender,u1_0.google_id,u1_0.login_provider,u1_0.nationality,u1_0.password_hash,u1_0.phone_number,u1_0.role,u1_0.telegram,u1_0.telegram_id,u1_0.telegram_user_id,u1_0.updated_at,u1_0.username from users u1_0 where u1_0.google_id=?
]]></system-out>
  </testcase>
  <testcase name="missingTokenFallsBackToDemoAccount" classname="com.bgroceries.backend.service.AuthServiceSocialTest" time="0.139">
    <system-out><![CDATA[Hibernate: select u1_0.id,u1_0.created_at,u1_0.date_of_birth,u1_0.email,u1_0.enabled,u1_0.facebook,u1_0.facebook_id,u1_0.full_name,u1_0.gender,u1_0.google_id,u1_0.login_provider,u1_0.nationality,u1_0.password_hash,u1_0.phone_number,u1_0.role,u1_0.telegram,u1_0.telegram_id,u1_0.telegram_user_id,u1_0.updated_at,u1_0.username from users u1_0 where upper(u1_0.email)=upper(?)
Hibernate: select u1_0.id from users u1_0 where u1_0.username=? fetch first ? rows only
Hibernate: insert into users (created_at,date_of_birth,email,enabled,facebook,facebook_id,full_name,gender,google_id,login_provider,nationality,password_hash,phone_number,role,telegram,telegram_id,telegram_user_id,updated_at,username,id) values (?,?,?,?,?,?,?,?,?,?,?,?,?,?,?,?,?,?,?,default)
]]></system-out>
  </testcase>
  <testcase name="unsupportedProviderWithTokenIsRejected" classname="com.bgroceries.backend.service.AuthServiceSocialTest" time="0.01"/>
  <testcase name="existingEmailIsLinkedAndStampedWithProviderId" classname="com.bgroceries.backend.service.AuthServiceSocialTest" time="0.181">
    <system-out><![CDATA[Hibernate: insert into users (created_at,date_of_birth,email,enabled,facebook,facebook_id,full_name,gender,google_id,login_provider,nationality,password_hash,phone_number,role,telegram,telegram_id,telegram_user_id,updated_at,username,id) values (?,?,?,?,?,?,?,?,?,?,?,?,?,?,?,?,?,?,?,default)
Hibernate: select u1_0.id,u1_0.created_at,u1_0.date_of_birth,u1_0.email,u1_0.enabled,u1_0.facebook,u1_0.facebook_id,u1_0.full_name,u1_0.gender,u1_0.google_id,u1_0.login_provider,u1_0.nationality,u1_0.password_hash,u1_0.phone_number,u1_0.role,u1_0.telegram,u1_0.telegram_id,u1_0.telegram_user_id,u1_0.updated_at,u1_0.username from users u1_0 where u1_0.google_id=?
Hibernate: select u1_0.id,u1_0.created_at,u1_0.date_of_birth,u1_0.email,u1_0.enabled,u1_0.facebook,u1_0.facebook_id,u1_0.full_name,u1_0.gender,u1_0.google_id,u1_0.login_provider,u1_0.nationality,u1_0.password_hash,u1_0.phone_number,u1_0.role,u1_0.telegram,u1_0.telegram_id,u1_0.telegram_user_id,u1_0.updated_at,u1_0.username from users u1_0 where upper(u1_0.email)=upper(?)
Hibernate: update users set date_of_birth=?,email=?,enabled=?,facebook=?,facebook_id=?,full_name=?,gender=?,google_id=?,login_provider=?,nationality=?,password_hash=?,phone_number=?,role=?,telegram=?,telegram_id=?,telegram_user_id=?,updated_at=?,username=? where id=?
Hibernate: select u1_0.id,u1_0.created_at,u1_0.date_of_birth,u1_0.email,u1_0.enabled,u1_0.facebook,u1_0.facebook_id,u1_0.full_name,u1_0.gender,u1_0.google_id,u1_0.login_provider,u1_0.nationality,u1_0.password_hash,u1_0.phone_number,u1_0.role,u1_0.telegram,u1_0.telegram_id,u1_0.telegram_user_id,u1_0.updated_at,u1_0.username from users u1_0 where u1_0.google_id=?
]]></system-out>
  </testcase>
</testsuite>